\BOOKMARK [0][-]{chapter.1}{\376\377\000I\000n\000t\000r\000o\000d\000u\000c\000t\000i\000o\000n}{}% 1
\BOOKMARK [0][-]{chapter.2}{\376\377\000M\000e\000t\000h\000o\000d\000\040\000a\000n\000d\000\040\000m\000a\000t\000e\000r\000i\000a\000l\000s}{}% 2
\BOOKMARK [1][-]{section.2.1}{\376\377\000S\000t\000u\000d\000y\000\040\000a\000r\000e\000a}{chapter.2}% 3
\BOOKMARK [1][-]{section.2.2}{\376\377\000S\000t\000u\000d\000y\000\040\000d\000e\000s\000i\000g\000n}{chapter.2}% 4
\BOOKMARK [1][-]{section.2.3}{\376\377\000D\000a\000t\000a\000\040\000C\000o\000l\000l\000e\000c\000t\000i\000o\000n}{chapter.2}% 5
\BOOKMARK [1][-]{section.2.4}{\376\377\000D\000a\000t\000a\000\040\000p\000r\000o\000c\000e\000s\000s\000i\000n\000g}{chapter.2}% 6
\BOOKMARK [1][-]{section.2.5}{\376\377\000S\000t\000a\000t\000i\000s\000t\000i\000c\000a\000l\000\040\000a\000n\000a\000l\000y\000s\000i\000s}{chapter.2}% 7
\BOOKMARK [0][-]{chapter.3}{\376\377\000R\000e\000s\000u\000l\000t\000s}{}% 8
\BOOKMARK [1][-]{section.3.1}{\376\377\000R\000o\000e\000\040\000d\000e\000e\000r}{chapter.3}% 9
\BOOKMARK [1][-]{section.3.2}{\376\377\000R\000e\000d\000\040\000f\000o\000x}{chapter.3}% 10
\BOOKMARK [1][-]{section.3.3}{\376\377\000B\000a\000d\000g\000e\000r}{chapter.3}% 11
\BOOKMARK [1][-]{section.3.4}{\376\377\000H\000a\000r\000e}{chapter.3}% 12
\BOOKMARK [1][-]{section.3.5}{\376\377\000R\000e\000d\000\040\000s\000q\000u\000i\000r\000r\000e\000l}{chapter.3}% 13
\BOOKMARK [1][-]{section.3.6}{\376\377\000M\000o\000o\000s\000e}{chapter.3}% 14
\BOOKMARK [1][-]{section.3.7}{\376\377\000R\000e\000d\000\040\000d\000e\000e\000r}{chapter.3}% 15
\BOOKMARK [1][-]{section.3.8}{\376\377\000P\000i\000n\000e\000\040\000m\000a\000r\000t\000e\000n}{chapter.3}% 16
\BOOKMARK [1][-]{section.3.9}{\376\377\000L\000y\000n\000x}{chapter.3}% 17
\BOOKMARK [0][-]{chapter.4}{\376\377\000D\000i\000s\000c\000u\000s\000s\000i\000o\000n}{}% 18
\BOOKMARK [1][-]{section.4.1}{\376\377\000O\000v\000e\000r\000a\000l\000l\000\040\000a\000c\000t\000i\000v\000i\000t\000y\000\040\000p\000a\000t\000t\000e\000r\000n\000\040\000o\000f\000\040\000t\000h\000e\000\040\000m\000a\000m\000m\000a\000l\000\040\000c\000o\000m\000m\000u\000n\000i\000t\000y}{chapter.4}% 19
\BOOKMARK [1][-]{section.4.2}{\376\377\000T\000h\000e\000\040\000e\000f\000f\000e\000c\000t\000\040\000o\000f\000\040\000C\000T\000\040\000f\000l\000a\000s\000h\000e\000s\000\040\000o\000n\000\040\000l\000a\000r\000g\000e\000\040\000c\000a\000r\000n\000i\000v\000o\000r\000e\000s}{chapter.4}% 20
\BOOKMARK [1][-]{section.4.3}{\376\377\000A\000c\000t\000i\000v\000i\000t\000y\000\040\000p\000a\000t\000t\000e\000r\000n\000\040\000o\000f\000\040\000c\000e\000r\000v\000i\000d\000s\000\040\000u\000s\000i\000n\000g\000\040\000C\000T\000s}{chapter.4}% 21
\BOOKMARK [1][-]{section.4.4}{\376\377\000M\000e\000t\000h\000o\000d\000o\000l\000o\000g\000i\000c\000a\000l\000\040\000c\000o\000n\000s\000i\000d\000e\000r\000a\000t\000i\000o\000n\000s}{chapter.4}% 22
\BOOKMARK [1][-]{section.4.5}{\376\377\000M\000o\000d\000e\000l\000\040\000p\000e\000r\000f\000o\000r\000m\000a\000n\000c\000e}{chapter.4}% 23
